
> folio@1.0.0 dev
> vite --port 5173

Port 5173 is in use, trying another one...

  VITE v6.4.1  ready in 333 ms

  ➜  Local:   http://localhost:5174/
  ➜  Network: use --host to expose
1:45:01 PM [vite] (client) hmr update /src/components/Navbar.tsx, /src/index.css
1:45:01 PM [vite] (client) hmr update /src/components/Navbar.tsx, /src/index.css
1:45:26 PM [vite] (client) hmr update /src/pages/PaperEditor.tsx, /src/index.css
1:45:48 PM [vite] (client) hmr update /src/pages/PaperEditor.tsx, /src/index.css
1:46:02 PM [vite] (client) hmr update /src/components/Navbar.tsx, /src/index.css
1:55:46 PM [vite] (client) hmr update /src/pages/PaperEditor.tsx, /src/index.css
1:56:10 PM [vite] (client) hmr update /src/pages/PaperEditor.tsx, /src/index.css
1:56:26 PM [vite] (client) hmr update /src/pages/PaperEditor.tsx2:39:58 PM [vite] (client) page reload public/_seed.html
2:39:58 PM [vite] (client) page reload public/_seed.html
2:41:22 PM [vite] (client) page reload public/_seed.html
2:41:27 PM [vite] (client) page reload public/_seed.html
2:46:29 PM [vite] (client) page reload public/_seed.html
2:48:54 PM [vite] (client) ✨ new dependencies optimized: react-dom/client, react-router-dom, react-force-graph-3d, react-markdown, remark-math, rehype-katex, react-syntax-highlighter, framer-motion, katex, @supabase/supabase-js, @xyflow/react, mermaid
2:48:54 PM [vite] (client) ✨ optimized dependencies changed. reloading
2:50:26 PM [vite] (client) hmr update /src/pages/PaperEditor.tsx, /src/index.css
2:59:45 PM [vite] (client) hmr update /src/pages/PaperEditor.tsx, /src/index.css
6:26:00 PM [vite] (client) hmr update /src/pages/PaperEditor.tsx, /src/index.css
6:26:17 PM [vite] (client) hmr update /src/pages/PaperEditor.tsx, /src/index.css
6:26:27 PM [vite] (client) hmr update /src/pages/PaperEditor.tsx, /src/index.css
6:26:41 PM [vite] (client) hmr update /src/pages/PaperEditor.tsx, /src/index.css
6:28:02 PM [vite] (client) hmr update /src/lib/latex.tsx, /src/index.css
6:28:11 PM [vite] (client) hmr update /src/lib/latex.tsx, /src/index.css
6:28:21 PM [vite] (client) hmr update /src/lib/latex.tsx, /src/index.css
onents-exports
2:17:32 PM [vite] (client) hmr update /src/pages/Library.tsx, /src/index.css, /src/pages/PaperEditor.tsx
2:17:39 PM [vite] (client) hmr update /src/lib/latex.tsx, /src/index.css
2:17:39 PM [vite] (client) hmr invalidate /src/lib/latex.tsx Could not Fast Refresh ("extractMeta" export is incompatible). Learn more at https://github.com/vitejs/vite-plugin-react/tree/main/packages/plugin-react#consistent-components-exports
2:17:39 PM [vite] (client) hmr update /src/pages/Library.tsx, /src/index.css, /src/pages/PaperEditor.tsx
2:17:55 PM [vite] (client) hmr update /src/lib/latex.tsx, /src/index.css
2:17:56 PM [vite] (client) hmr invalidate /src/lib/latex.tsx Could not Fast Refresh ("extractMeta" export is incompatible). Learn more at https://github.com/vitejs/vite-plugin-react/tree/main/packages/plugin-react#consistent-components-exports
2:17:56 PM [vite] (client) hmr update /src/pages/Library.tsx, /src/index.css, /src/pages/PaperEditor.tsx
2:18:19 PM [vite] (client) hmr update /src/lib/latex.tsx, /src/index.css
2:18:19 PM [vite] (client) hmr invalidate /src/lib/latex.tsx Could not Fast Refresh ("extractMeta" export is incompatible). Learn more at https://github.com/vitejs/vite-plugin-react/tree/main/packages/plugin-react#consistent-components-exports
2:18:19 PM [vite] (client) hmr update /src/pages/Library.tsx, /src/index.css, /src/pages/PaperEditor.tsx
2:18:33 PM [vite] (client) hmr update /src/lib/latex.tsx, /src/index.css
2:18:33 PM [vite] (client) hmr invalidate /src/lib/latex.tsx Could not Fast Refresh ("extractMeta" export is incompatible). Learn more at https://github.com/vitejs/vite-plugin-react/tree/main/packages/plugin-react#consistent-components-exports
2:18:33 PM [vite] (client) hmr update /src/pages/Library.tsx, /src/index.css, /src/pages/PaperEditor.tsx
2:22:41 PM [vite] (client) hmr update /src/pages/PaperEditor.tsx, /src/index.css
2:24:45 PM [vite] (client) hmr update /src/pages/PaperBrowse.tsx, /src/index.css
2:24:49 PM [vite] (client) hmr update /src/pages/PaperBrowse.tsx, /src/index.css
2:24:54 PM [vite] (client) hmr update /src/pages/PaperBrowse.tsx, /src/index.css
2:25:10 PM [vite] (client) hmr update /src/pages/PaperBrowse.tsx, /src/index.css
2:25:24 PM [vite] (client) hmr update /src/pages/PaperBrowse.tsx, /src/index.css
2:25:44 PM [vite] (client) hmr update /src/pages/TopicGraph3D.tsx, /src/index.css
2:25:49 PM [vite] (client) hmr update /src/pages/TopicGraph3D.tsx, /src/index.css
2:25:59 PM [vite] (client) hmr update /src/pages/TopicGraph3D.tsx, /src/index.css
2:26:13 PM [vite] (client) hmr update /src/pages/TopicGraph3D.tsx, /src/index.css
2:39:58 PM [vite] (client) page reload public/_seed.html
2:39:58 PM [vite] (client) page reload public/_seed.html
2:41:22 PM [vite] (client) page reload public/_seed.html
2:41:27 PM [vite] (client) page reload public/_seed.html
2:44:14 PM [vite] (client) hmr update /src/pages/PaperBrowse.tsx, /src/index.css
2:44:21 PM [vite] (client) hmr update /src/pages/PaperBrowse.tsx, /src/index.css
2:44:33 PM [vite] (client) hmr update /src/pages/PaperBrowse.tsx, /src/index.css
2:44:43 PM [vite] (client) hmr update /src/pages/PaperBrowse.tsx, /src/index.css
2:44:49 PM [vite] (client) hmr update /src/pages/PaperBrowse.tsx, /src/index.css
2:45:07 PM [vite] (client) hmr update /src/pages/PaperBrowse.tsx, /src/index.css
2:45:15 PM [vite] (client) hmr update /src/components/CorpusGraph3D.tsx, /src/index.css
2:45:24 PM [vite] (client) hmr update /src/components/CorpusGraph3D.tsx, /src/index.css
2:45:29 PM [vite] (client) hmr update /src/components/CorpusGraph3D.tsx, /src/index.css
2:45:37 PM [vite] (client) hmr update /src/components/CorpusGraph3D.tsx, /src/index.css
2:46:29 PM [vite] (client) page reload public/_seed.html
2:50:26 PM [vite] (client) hmr update /src/pages/PaperEditor.tsx, /src/index.css
2:59:45 PM [vite] (client) hmr update /src/pages/PaperEditor.tsx, /src/index.css
6:26:00 PM [vite] (client) hmr update /src/pages/PaperEditor.tsx, /src/index.css
6:26:17 PM [vite] (client) hmr update /src/pages/PaperEditor.tsx, /src/index.css
6:26:27 PM [vite] (client) hmr update /src/pages/PaperEditor.tsx, /src/index.css
6:26:41 PM [vite] (client) hmr update /src/pages/PaperEditor.tsx, /src/index.css
6:28:02 PM [vite] (client) hmr update /src/lib/latex.tsx, /src/index.css
6:28:02 PM [vite] (client) hmr invalidate /src/lib/latex.tsx Could not Fast Refresh ("extractMeta" export is incompatible). Learn more at https://github.com/vitejs/vite-plugin-react/tree/main/packages/plugin-react#consistent-components-exports
6:28:02 PM [vite] (client) hmr update /src/pages/Library.tsx, /src/index.css, /src/pages/PaperEditor.tsx
6:28:11 PM [vite] (client) hmr update /src/lib/latex.tsx, /src/index.css
6:28:11 PM [vite] (client) hmr invalidate /src/lib/latex.tsx Could not Fast Refresh ("extractMeta" export is incompatible). Learn more at https://github.com/vitejs/vite-plugin-react/tree/main/packages/plugin-react#consistent-components-exports
6:28:11 PM [vite] (client) hmr update /src/pages/Library.tsx, /src/index.css, /src/pages/PaperEditor.tsx
6:28:21 PM [vite] (client) hmr update /src/lib/latex.tsx, /src/index.css
6:28:22 PM [vite] (client) hmr invalidate /src/lib/latex.tsx Could not Fast Refresh ("extractMeta" export is incompatible). Learn more at https://github.com/vitejs/vite-plugin-react/tree/main/packages/plugin-react#consistent-components-exports
6:28:22 PM [vite] (client) hmr update /src/pages/Library.tsx, /src/index.css, /src/pages/PaperEditor.tsx
